  [1m[35m (833.5ms)[0m  [1m[35mCREATE DATABASE "Aeternam_Beauty_development" ENCODING = 'unicode'[0m
  [1m[35m (915.4ms)[0m  [1m[35mCREATE DATABASE "Aeternam_Beauty_test" ENCODING = 'unicode'[0m
  [1m[35m (37.8ms)[0m  [1m[35mCREATE TABLE "schema_migrations" ("version" character varying NOT NULL PRIMARY KEY)[0m
  [1m[35m (8.4ms)[0m  [1m[35mCREATE TABLE "ar_internal_metadata" ("key" character varying NOT NULL PRIMARY KEY, "value" character varying, "created_at" timestamp(6) NOT NULL, "updated_at" timestamp(6) NOT NULL)[0m
  [1m[35m (0.4ms)[0m  [1m[34mSELECT pg_try_advisory_lock(3426342786620826240)[0m
  [1m[35m (0.5ms)[0m  [1m[34mSELECT "schema_migrations"."version" FROM "schema_migrations" ORDER BY "schema_migrations"."version" ASC[0m
Migrating to CreateUsers (20200713212946)
  [1m[35m (0.2ms)[0m  [1m[35mBEGIN[0m
  [1m[35m (7.2ms)[0m  [1m[35mCREATE TABLE "users" ("id" bigserial primary key, "name" character varying NOT NULL, "username" character varying NOT NULL, "password_digest" character varying NOT NULL, "is_admin" boolean NOT NULL, "created_at" timestamp(6) NOT NULL, "updated_at" timestamp(6) NOT NULL)[0m
  [1m[36mprimary::SchemaMigration Create (1.1ms)[0m  [1m[32mINSERT INTO "schema_migrations" ("version") VALUES ($1) RETURNING "version"[0m  [["version", "20200713212946"]]
  [1m[35m (0.4ms)[0m  [1m[35mCOMMIT[0m
Migrating to CreateProducts (20200713213252)
  [1m[35m (0.2ms)[0m  [1m[35mBEGIN[0m
  [1m[35m (4.1ms)[0m  [1m[35mCREATE TABLE "products" ("id" bigserial primary key, "name" character varying NOT NULL, "on_sale" boolean, "new_in" boolean, "product_shot" character varying NOT NULL, "alt_shot" character varying NOT NULL, "product_details" character varying NOT NULL, "price" integer NOT NULL, "created_at" timestamp(6) NOT NULL, "updated_at" timestamp(6) NOT NULL)[0m
  [1m[36mprimary::SchemaMigration Create (0.3ms)[0m  [1m[32mINSERT INTO "schema_migrations" ("version") VALUES ($1) RETURNING "version"[0m  [["version", "20200713213252"]]
  [1m[35m (1.0ms)[0m  [1m[35mCOMMIT[0m
Migrating to CreateCollections (20200713213455)
  [1m[35m (0.4ms)[0m  [1m[35mBEGIN[0m
  [1m[35m (4.4ms)[0m  [1m[35mCREATE TABLE "collections" ("id" bigserial primary key, "name" character varying NOT NULL, "created_at" timestamp(6) NOT NULL, "updated_at" timestamp(6) NOT NULL)[0m
  [1m[36mprimary::SchemaMigration Create (0.2ms)[0m  [1m[32mINSERT INTO "schema_migrations" ("version") VALUES ($1) RETURNING "version"[0m  [["version", "20200713213455"]]
  [1m[35m (0.5ms)[0m  [1m[35mCOMMIT[0m
Migrating to CreateReviews (20200713213714)
  [1m[35m (0.4ms)[0m  [1m[35mBEGIN[0m
  [1m[35m (8.9ms)[0m  [1m[35mCREATE TABLE "reviews" ("id" bigserial primary key, "stars" integer NOT NULL, "content" text NOT NULL, "product_id" bigint NOT NULL, "user_id" bigint NOT NULL, "created_at" timestamp(6) NOT NULL, "updated_at" timestamp(6) NOT NULL, CONSTRAINT "fk_rails_bedd9094d4"
FOREIGN KEY ("product_id")
  REFERENCES "products" ("id")
, CONSTRAINT "fk_rails_74a66bd6c5"
FOREIGN KEY ("user_id")
  REFERENCES "users" ("id")
)[0m
  [1m[35m (1.0ms)[0m  [1m[35mCREATE  INDEX  "index_reviews_on_product_id" ON "reviews"  ("product_id")[0m
  [1m[35m (1.1ms)[0m  [1m[35mCREATE  INDEX  "index_reviews_on_user_id" ON "reviews"  ("user_id")[0m
  [1m[36mprimary::SchemaMigration Create (0.2ms)[0m  [1m[32mINSERT INTO "schema_migrations" ("version") VALUES ($1) RETURNING "version"[0m  [["version", "20200713213714"]]
  [1m[35m (1.0ms)[0m  [1m[35mCOMMIT[0m
Migrating to CreatePastOrders (20200713213804)
  [1m[35m (0.2ms)[0m  [1m[35mBEGIN[0m
  [1m[35m (7.0ms)[0m  [1m[35mCREATE TABLE "past_orders" ("id" bigserial primary key, "user_id" bigint NOT NULL, "product_id" bigint NOT NULL, "created_at" timestamp(6) NOT NULL, "updated_at" timestamp(6) NOT NULL, CONSTRAINT "fk_rails_45f39e7042"
FOREIGN KEY ("user_id")
  REFERENCES "users" ("id")
, CONSTRAINT "fk_rails_a4a187370c"
FOREIGN KEY ("product_id")
  REFERENCES "products" ("id")
)[0m
  [1m[35m (0.9ms)[0m  [1m[35mCREATE  INDEX  "index_past_orders_on_user_id" ON "past_orders"  ("user_id")[0m
  [1m[35m (1.0ms)[0m  [1m[35mCREATE  INDEX  "index_past_orders_on_product_id" ON "past_orders"  ("product_id")[0m
  [1m[36mprimary::SchemaMigration Create (0.3ms)[0m  [1m[32mINSERT INTO "schema_migrations" ("version") VALUES ($1) RETURNING "version"[0m  [["version", "20200713213804"]]
  [1m[35m (0.4ms)[0m  [1m[35mCOMMIT[0m
Migrating to CreateJoinTableProductCollection (20200713213940)
  [1m[35m (0.3ms)[0m  [1m[35mBEGIN[0m
  [1m[35m (7.4ms)[0m  [1m[35mCREATE TABLE "collections_products" ("product_id" bigint NOT NULL, "collection_id" bigint NOT NULL)[0m
  [1m[36mprimary::SchemaMigration Create (0.2ms)[0m  [1m[32mINSERT INTO "schema_migrations" ("version") VALUES ($1) RETURNING "version"[0m  [["version", "20200713213940"]]
  [1m[35m (1.1ms)[0m  [1m[35mCOMMIT[0m
  [1m[36mActiveRecord::InternalMetadata Load (0.3ms)[0m  [1m[34mSELECT "ar_internal_metadata".* FROM "ar_internal_metadata" WHERE "ar_internal_metadata"."key" = $1 LIMIT $2[0m  [["key", "environment"], ["LIMIT", 1]]
  [1m[35m (0.2ms)[0m  [1m[35mBEGIN[0m
  [1m[36mActiveRecord::InternalMetadata Create (1.1ms)[0m  [1m[32mINSERT INTO "ar_internal_metadata" ("key", "value", "created_at", "updated_at") VALUES ($1, $2, $3, $4) RETURNING "key"[0m  [["key", "environment"], ["value", "development"], ["created_at", "2020-07-13 21:59:39.074392"], ["updated_at", "2020-07-13 21:59:39.074392"]]
  [1m[35m (0.4ms)[0m  [1m[35mCOMMIT[0m
  [1m[35m (0.3ms)[0m  [1m[34mSELECT pg_advisory_unlock(3426342786620826240)[0m
  [1m[35m (0.6ms)[0m  [1m[34mSELECT "schema_migrations"."version" FROM "schema_migrations" ORDER BY "schema_migrations"."version" ASC[0m
  [1m[35m (1.2ms)[0m  [1m[34mSELECT "schema_migrations"."version" FROM "schema_migrations" ORDER BY "schema_migrations"."version" ASC[0m
  [1m[36mUser Load (0.5ms)[0m  [1m[34mSELECT "users".* FROM "users"[0m
  [1m[35m (0.1ms)[0m  [1m[35mBEGIN[0m
  [1m[36mUser Exists? (0.4ms)[0m  [1m[34mSELECT 1 AS one FROM "users" WHERE "users"."username" = $1 LIMIT $2[0m  [["username", "snsebro"], ["LIMIT", 1]]
  [1m[36mUser Create (3.6ms)[0m  [1m[32mINSERT INTO "users" ("name", "username", "password_digest", "is_admin", "created_at", "updated_at") VALUES ($1, $2, $3, $4, $5, $6) RETURNING "id"[0m  [["name", "Shayne"], ["username", "snsebro"], ["password_digest", "$2a$12$qGouffoPwmNdu3R4WE6uL.rJAIqtSguOCDjjsiBypMAluOIQXn5au"], ["is_admin", true], ["created_at", "2020-07-13 22:02:32.700089"], ["updated_at", "2020-07-13 22:02:32.700089"]]
  [1m[35m (1.4ms)[0m  [1m[35mCOMMIT[0m
  [1m[35m (2.0ms)[0m  [1m[34mSELECT "schema_migrations"."version" FROM "schema_migrations" ORDER BY "schema_migrations"."version" ASC[0m
  [1m[36mUser Load (1.1ms)[0m  [1m[34mSELECT "users".* FROM "users"[0m
  [1m[35m (0.2ms)[0m  [1m[35mBEGIN[0m
  [1m[36mReview Load (4.3ms)[0m  [1m[34mSELECT "reviews".* FROM "reviews" WHERE "reviews"."user_id" = $1[0m  [["user_id", 1]]
  [1m[36mPastOrder Load (1.8ms)[0m  [1m[34mSELECT "past_orders".* FROM "past_orders" WHERE "past_orders"."user_id" = $1[0m  [["user_id", 1]]
  [1m[36mUser Destroy (0.9ms)[0m  [1m[31mDELETE FROM "users" WHERE "users"."id" = $1[0m  [["id", 1]]
  [1m[35m (0.6ms)[0m  [1m[35mCOMMIT[0m
  [1m[35m (0.4ms)[0m  [1m[34mSELECT "schema_migrations"."version" FROM "schema_migrations" ORDER BY "schema_migrations"."version" ASC[0m
  [1m[36mUser Load (0.4ms)[0m  [1m[34mSELECT "users".* FROM "users"[0m
  [1m[36mProduct Load (1.1ms)[0m  [1m[34mSELECT "products".* FROM "products"[0m
  [1m[35m (0.2ms)[0m  [1m[35mBEGIN[0m
  [1m[36mUser Exists? (0.5ms)[0m  [1m[34mSELECT 1 AS one FROM "users" WHERE "users"."username" = $1 LIMIT $2[0m  [["username", "snsebro"], ["LIMIT", 1]]
  [1m[36mUser Create (0.7ms)[0m  [1m[32mINSERT INTO "users" ("name", "username", "password_digest", "is_admin", "created_at", "updated_at") VALUES ($1, $2, $3, $4, $5, $6) RETURNING "id"[0m  [["name", "Shayne"], ["username", "snsebro"], ["password_digest", "$2a$12$DG3Oe2DLffjq0thD1aTCrum4jlpmYPDTQs3UZhJOjxHOy3hgmdrti"], ["is_admin", true], ["created_at", "2020-07-13 22:13:58.881813"], ["updated_at", "2020-07-13 22:13:58.881813"]]
  [1m[35m (0.5ms)[0m  [1m[35mCOMMIT[0m
  [1m[35m (0.2ms)[0m  [1m[35mBEGIN[0m
  [1m[36mProduct Create (1.1ms)[0m  [1m[32mINSERT INTO "products" ("name", "on_sale", "new_in", "product_shot", "alt_shot", "product_details", "price", "created_at", "updated_at") VALUES ($1, $2, $3, $4, $5, $6, $7, $8, $9) RETURNING "id"[0m  [["name", "red lipstick"], ["on_sale", false], ["new_in", true], ["product_shot", "https://ibb.co/cr55qMN"], ["alt_shot", "https://ibb.co/SnQ9ngg"], ["product_details", "Ruby red lip stick"], ["price", 35], ["created_at", "2020-07-13 22:13:58.896738"], ["updated_at", "2020-07-13 22:13:58.896738"]]
  [1m[35m (0.4ms)[0m  [1m[35mCOMMIT[0m
  [1m[35m (1.4ms)[0m  [1m[34mSELECT pg_try_advisory_lock(3426342786620826240)[0m
  [1m[35m (1.6ms)[0m  [1m[34mSELECT "schema_migrations"."version" FROM "schema_migrations" ORDER BY "schema_migrations"."version" ASC[0m
Migrating to ChangePriceType (20200713221701)
  [1m[35m (8.1ms)[0m  [1m[35mBEGIN[0m
  [1m[35m (20.3ms)[0m  [1m[35mALTER TABLE "products" ALTER COLUMN "price" TYPE float[0m
  [1m[36mprimary::SchemaMigration Create (0.4ms)[0m  [1m[32mINSERT INTO "schema_migrations" ("version") VALUES ($1) RETURNING "version"[0m  [["version", "20200713221701"]]
  [1m[35m (2.6ms)[0m  [1m[35mCOMMIT[0m
  [1m[36mActiveRecord::InternalMetadata Load (4.1ms)[0m  [1m[34mSELECT "ar_internal_metadata".* FROM "ar_internal_metadata" WHERE "ar_internal_metadata"."key" = $1 LIMIT $2[0m  [["key", "environment"], ["LIMIT", 1]]
  [1m[35m (0.4ms)[0m  [1m[34mSELECT pg_advisory_unlock(3426342786620826240)[0m
  [1m[35m (1.7ms)[0m  [1m[34mSELECT "schema_migrations"."version" FROM "schema_migrations" ORDER BY "schema_migrations"."version" ASC[0m
  [1m[35m (0.4ms)[0m  [1m[34mSELECT "schema_migrations"."version" FROM "schema_migrations" ORDER BY "schema_migrations"."version" ASC[0m
  [1m[36mUser Load (1.5ms)[0m  [1m[34mSELECT "users".* FROM "users"[0m
  [1m[35m (0.1ms)[0m  [1m[35mBEGIN[0m
  [1m[36mReview Load (1.7ms)[0m  [1m[34mSELECT "reviews".* FROM "reviews" WHERE "reviews"."user_id" = $1[0m  [["user_id", 2]]
  [1m[36mPastOrder Load (1.6ms)[0m  [1m[34mSELECT "past_orders".* FROM "past_orders" WHERE "past_orders"."user_id" = $1[0m  [["user_id", 2]]
  [1m[36mUser Destroy (0.6ms)[0m  [1m[31mDELETE FROM "users" WHERE "users"."id" = $1[0m  [["id", 2]]
  [1m[35m (0.4ms)[0m  [1m[35mCOMMIT[0m
  [1m[36mProduct Load (0.4ms)[0m  [1m[34mSELECT "products".* FROM "products"[0m
  [1m[35m (0.1ms)[0m  [1m[35mBEGIN[0m
  [1m[36mProduct::HABTM_Collections Destroy (2.3ms)[0m  [1m[31mDELETE FROM "collections_products" WHERE "collections_products"."product_id" = $1[0m  [["product_id", 1]]
  [1m[36mProduct Destroy (0.9ms)[0m  [1m[31mDELETE FROM "products" WHERE "products"."id" = $1[0m  [["id", 1]]
  [1m[35m (2.1ms)[0m  [1m[35mCOMMIT[0m
  [1m[35m (0.2ms)[0m  [1m[35mBEGIN[0m
  [1m[36mUser Exists? (0.4ms)[0m  [1m[34mSELECT 1 AS one FROM "users" WHERE "users"."username" = $1 LIMIT $2[0m  [["username", "snsebro"], ["LIMIT", 1]]
  [1m[36mUser Create (0.3ms)[0m  [1m[32mINSERT INTO "users" ("name", "username", "password_digest", "is_admin", "created_at", "updated_at") VALUES ($1, $2, $3, $4, $5, $6) RETURNING "id"[0m  [["name", "Shayne"], ["username", "snsebro"], ["password_digest", "$2a$12$fMldXKdVRKHFo5/txrdjg.WDBFJ5FjmYfipVP7c9KrcZu9OGqcGqi"], ["is_admin", true], ["created_at", "2020-07-13 22:20:30.543609"], ["updated_at", "2020-07-13 22:20:30.543609"]]
  [1m[35m (0.8ms)[0m  [1m[35mCOMMIT[0m
  [1m[35m (0.1ms)[0m  [1m[35mBEGIN[0m
  [1m[36mProduct Create (0.4ms)[0m  [1m[32mINSERT INTO "products" ("name", "on_sale", "new_in", "product_shot", "alt_shot", "product_details", "price", "created_at", "updated_at") VALUES ($1, $2, $3, $4, $5, $6, $7, $8, $9) RETURNING "id"[0m  [["name", "red lipstick"], ["on_sale", false], ["new_in", true], ["product_shot", "https://ibb.co/cr55qMN"], ["alt_shot", "https://ibb.co/SnQ9ngg"], ["product_details", "Ruby red lip stick"], ["price", 35.5], ["created_at", "2020-07-13 22:20:30.547187"], ["updated_at", "2020-07-13 22:20:30.547187"]]
  [1m[35m (0.4ms)[0m  [1m[35mCOMMIT[0m
  [1m[35m (2.5ms)[0m  [1m[34mSELECT "schema_migrations"."version" FROM "schema_migrations" ORDER BY "schema_migrations"."version" ASC[0m
  [1m[36mUser Load (1.5ms)[0m  [1m[34mSELECT "users".* FROM "users"[0m
  [1m[35m (0.1ms)[0m  [1m[35mBEGIN[0m
  [1m[36mReview Load (4.3ms)[0m  [1m[34mSELECT "reviews".* FROM "reviews" WHERE "reviews"."user_id" = $1[0m  [["user_id", 3]]
  [1m[36mPastOrder Load (1.8ms)[0m  [1m[34mSELECT "past_orders".* FROM "past_orders" WHERE "past_orders"."user_id" = $1[0m  [["user_id", 3]]
  [1m[36mUser Destroy (0.5ms)[0m  [1m[31mDELETE FROM "users" WHERE "users"."id" = $1[0m  [["id", 3]]
  [1m[35m (0.4ms)[0m  [1m[35mCOMMIT[0m
  [1m[36mProduct Load (0.9ms)[0m  [1m[34mSELECT "products".* FROM "products"[0m
  [1m[35m (0.1ms)[0m  [1m[35mBEGIN[0m
  [1m[36mProduct::HABTM_Collections Destroy (0.3ms)[0m  [1m[31mDELETE FROM "collections_products" WHERE "collections_products"."product_id" = $1[0m  [["product_id", 2]]
  [1m[36mProduct Destroy (0.6ms)[0m  [1m[31mDELETE FROM "products" WHERE "products"."id" = $1[0m  [["id", 2]]
  [1m[35m (0.3ms)[0m  [1m[35mCOMMIT[0m
  [1m[35m (0.2ms)[0m  [1m[35mBEGIN[0m
  [1m[36mUser Exists? (0.3ms)[0m  [1m[34mSELECT 1 AS one FROM "users" WHERE "users"."username" = $1 LIMIT $2[0m  [["username", "snsebro"], ["LIMIT", 1]]
  [1m[36mUser Create (0.3ms)[0m  [1m[32mINSERT INTO "users" ("name", "username", "password_digest", "is_admin", "created_at", "updated_at") VALUES ($1, $2, $3, $4, $5, $6) RETURNING "id"[0m  [["name", "Shayne"], ["username", "snsebro"], ["password_digest", "$2a$12$FDEyYbQGwDOnmU2MgPHICeuuLYPoeGf7cfH0aQ1Hmbhu3fFNf0N1C"], ["is_admin", true], ["created_at", "2020-07-13 22:20:51.454321"], ["updated_at", "2020-07-13 22:20:51.454321"]]
  [1m[35m (0.5ms)[0m  [1m[35mCOMMIT[0m
  [1m[35m (0.2ms)[0m  [1m[35mBEGIN[0m
  [1m[36mProduct Create (0.3ms)[0m  [1m[32mINSERT INTO "products" ("name", "on_sale", "new_in", "product_shot", "alt_shot", "product_details", "price", "created_at", "updated_at") VALUES ($1, $2, $3, $4, $5, $6, $7, $8, $9) RETURNING "id"[0m  [["name", "red lipstick"], ["on_sale", false], ["new_in", true], ["product_shot", "https://ibb.co/cr55qMN"], ["alt_shot", "https://ibb.co/SnQ9ngg"], ["product_details", "Ruby red lip stick"], ["price", 35.51], ["created_at", "2020-07-13 22:20:51.457228"], ["updated_at", "2020-07-13 22:20:51.457228"]]
  [1m[35m (0.4ms)[0m  [1m[35mCOMMIT[0m
  [1m[35m (0.2ms)[0m  [1m[34mSELECT pg_try_advisory_lock(3426342786620826240)[0m
  [1m[35m (1.4ms)[0m  [1m[34mSELECT "schema_migrations"."version" FROM "schema_migrations" ORDER BY "schema_migrations"."version" ASC[0m
Migrating to ChangePriceToString (20200713222353)
  [1m[35m (0.2ms)[0m  [1m[35mBEGIN[0m
  [1m[35m (8.5ms)[0m  [1m[35mALTER TABLE "products" ALTER COLUMN "price" TYPE character varying[0m
  [1m[36mprimary::SchemaMigration Create (0.3ms)[0m  [1m[32mINSERT INTO "schema_migrations" ("version") VALUES ($1) RETURNING "version"[0m  [["version", "20200713222353"]]
  [1m[35m (3.2ms)[0m  [1m[35mCOMMIT[0m
  [1m[36mActiveRecord::InternalMetadata Load (4.7ms)[0m  [1m[34mSELECT "ar_internal_metadata".* FROM "ar_internal_metadata" WHERE "ar_internal_metadata"."key" = $1 LIMIT $2[0m  [["key", "environment"], ["LIMIT", 1]]
  [1m[35m (0.3ms)[0m  [1m[34mSELECT pg_advisory_unlock(3426342786620826240)[0m
  [1m[35m (0.5ms)[0m  [1m[34mSELECT "schema_migrations"."version" FROM "schema_migrations" ORDER BY "schema_migrations"."version" ASC[0m
  [1m[35m (0.5ms)[0m  [1m[34mSELECT "schema_migrations"."version" FROM "schema_migrations" ORDER BY "schema_migrations"."version" ASC[0m
  [1m[36mUser Load (1.7ms)[0m  [1m[34mSELECT "users".* FROM "users"[0m
  [1m[35m (0.1ms)[0m  [1m[35mBEGIN[0m
  [1m[36mReview Load (1.9ms)[0m  [1m[34mSELECT "reviews".* FROM "reviews" WHERE "reviews"."user_id" = $1[0m  [["user_id", 4]]
  [1m[36mPastOrder Load (1.4ms)[0m  [1m[34mSELECT "past_orders".* FROM "past_orders" WHERE "past_orders"."user_id" = $1[0m  [["user_id", 4]]
  [1m[36mUser Destroy (0.7ms)[0m  [1m[31mDELETE FROM "users" WHERE "users"."id" = $1[0m  [["id", 4]]
  [1m[35m (0.4ms)[0m  [1m[35mCOMMIT[0m
  [1m[36mProduct Load (0.5ms)[0m  [1m[34mSELECT "products".* FROM "products"[0m
  [1m[35m (0.1ms)[0m  [1m[35mBEGIN[0m
  [1m[36mProduct::HABTM_Collections Destroy (0.3ms)[0m  [1m[31mDELETE FROM "collections_products" WHERE "collections_products"."product_id" = $1[0m  [["product_id", 3]]
  [1m[36mProduct Destroy (0.6ms)[0m  [1m[31mDELETE FROM "products" WHERE "products"."id" = $1[0m  [["id", 3]]
  [1m[35m (2.1ms)[0m  [1m[35mCOMMIT[0m
  [1m[35m (0.2ms)[0m  [1m[35mBEGIN[0m
  [1m[36mUser Exists? (0.4ms)[0m  [1m[34mSELECT 1 AS one FROM "users" WHERE "users"."username" = $1 LIMIT $2[0m  [["username", "snsebro"], ["LIMIT", 1]]
  [1m[36mUser Create (0.4ms)[0m  [1m[32mINSERT INTO "users" ("name", "username", "password_digest", "is_admin", "created_at", "updated_at") VALUES ($1, $2, $3, $4, $5, $6) RETURNING "id"[0m  [["name", "Shayne"], ["username", "snsebro"], ["password_digest", "$2a$12$xa/9b4D1Eg/iEbUBti1dIeZbPolimyWpzTVXtmdIyEEmVWzMyjw3m"], ["is_admin", true], ["created_at", "2020-07-13 22:24:27.524709"], ["updated_at", "2020-07-13 22:24:27.524709"]]
  [1m[35m (0.9ms)[0m  [1m[35mCOMMIT[0m
  [1m[35m (0.1ms)[0m  [1m[35mBEGIN[0m
  [1m[36mProduct Create (0.5ms)[0m  [1m[32mINSERT INTO "products" ("name", "on_sale", "new_in", "product_shot", "alt_shot", "product_details", "price", "created_at", "updated_at") VALUES ($1, $2, $3, $4, $5, $6, $7, $8, $9) RETURNING "id"[0m  [["name", "red lipstick"], ["on_sale", false], ["new_in", true], ["product_shot", "https://ibb.co/cr55qMN"], ["alt_shot", "https://ibb.co/SnQ9ngg"], ["product_details", "Ruby red lip stick"], ["price", "35.51"], ["created_at", "2020-07-13 22:24:27.528329"], ["updated_at", "2020-07-13 22:24:27.528329"]]
  [1m[35m (0.5ms)[0m  [1m[35mCOMMIT[0m
  [1m[35m (2.2ms)[0m  [1m[34mSELECT "schema_migrations"."version" FROM "schema_migrations" ORDER BY "schema_migrations"."version" ASC[0m
  [1m[36mUser Load (1.3ms)[0m  [1m[34mSELECT "users".* FROM "users"[0m
  [1m[35m (0.2ms)[0m  [1m[35mBEGIN[0m
  [1m[36mReview Load (4.8ms)[0m  [1m[34mSELECT "reviews".* FROM "reviews" WHERE "reviews"."user_id" = $1[0m  [["user_id", 5]]
  [1m[36mPastOrder Load (1.7ms)[0m  [1m[34mSELECT "past_orders".* FROM "past_orders" WHERE "past_orders"."user_id" = $1[0m  [["user_id", 5]]
  [1m[36mUser Destroy (0.9ms)[0m  [1m[31mDELETE FROM "users" WHERE "users"."id" = $1[0m  [["id", 5]]
  [1m[35m (2.4ms)[0m  [1m[35mCOMMIT[0m
  [1m[36mProduct Load (3.2ms)[0m  [1m[34mSELECT "products".* FROM "products"[0m
  [1m[35m (0.1ms)[0m  [1m[35mBEGIN[0m
  [1m[36mProduct::HABTM_Collections Destroy (0.3ms)[0m  [1m[31mDELETE FROM "collections_products" WHERE "collections_products"."product_id" = $1[0m  [["product_id", 4]]
  [1m[36mProduct Destroy (0.8ms)[0m  [1m[31mDELETE FROM "products" WHERE "products"."id" = $1[0m  [["id", 4]]
  [1m[35m (1.6ms)[0m  [1m[35mCOMMIT[0m
  [1m[35m (0.2ms)[0m  [1m[35mBEGIN[0m
  [1m[36mUser Exists? (0.4ms)[0m  [1m[34mSELECT 1 AS one FROM "users" WHERE "users"."username" = $1 LIMIT $2[0m  [["username", "snsebro"], ["LIMIT", 1]]
  [1m[36mUser Create (0.3ms)[0m  [1m[32mINSERT INTO "users" ("name", "username", "password_digest", "is_admin", "created_at", "updated_at") VALUES ($1, $2, $3, $4, $5, $6) RETURNING "id"[0m  [["name", "Shayne"], ["username", "snsebro"], ["password_digest", "$2a$12$TxNRClk1wqdcM29sC7.zweGHvQATnLkJ25C16dUNimcYSFUt44XCu"], ["is_admin", true], ["created_at", "2020-07-13 23:54:49.516641"], ["updated_at", "2020-07-13 23:54:49.516641"]]
  [1m[35m (0.9ms)[0m  [1m[35mCOMMIT[0m
  [1m[35m (0.2ms)[0m  [1m[35mBEGIN[0m
  [1m[36mUser Exists? (0.2ms)[0m  [1m[34mSELECT 1 AS one FROM "users" WHERE "users"."username" = $1 LIMIT $2[0m  [["username", "kenji1001"], ["LIMIT", 1]]
  [1m[36mUser Create (0.2ms)[0m  [1m[32mINSERT INTO "users" ("name", "username", "password_digest", "is_admin", "created_at", "updated_at") VALUES ($1, $2, $3, $4, $5, $6) RETURNING "id"[0m  [["name", "Nathan"], ["username", "kenji1001"], ["password_digest", "$2a$12$kfBzhVFqmlNECWnConhFueuc/BoU.JX14AFtN2T2rnPLEzjNG0dsS"], ["is_admin", false], ["created_at", "2020-07-13 23:54:49.711909"], ["updated_at", "2020-07-13 23:54:49.711909"]]
  [1m[35m (1.0ms)[0m  [1m[35mCOMMIT[0m
  [1m[35m (0.2ms)[0m  [1m[35mBEGIN[0m
  [1m[36mProduct Create (1.4ms)[0m  [1m[32mINSERT INTO "products" ("name", "on_sale", "new_in", "product_shot", "alt_shot", "product_details", "price", "created_at", "updated_at") VALUES ($1, $2, $3, $4, $5, $6, $7, $8, $9) RETURNING "id"[0m  [["name", "red lipstick"], ["on_sale", false], ["new_in", true], ["product_shot", "https://ibb.co/cr55qMN"], ["alt_shot", "https://ibb.co/SnQ9ngg"], ["product_details", "Ruby red lip stick"], ["price", "35.51"], ["created_at", "2020-07-13 23:54:49.715081"], ["updated_at", "2020-07-13 23:54:49.715081"]]
  [1m[35m (0.4ms)[0m  [1m[35mCOMMIT[0m
